# JRE version: OpenJDK Runtime Environment (8.0_242-b01) (build 1.8.0_242-release-1644-b01)
# Java VM: OpenJDK 64-Bit Server VM (25.242-b01 mixed mode windows-amd64 compressed oops)
Heap:
 PSYoungGen      total 325120K, used 65678K [0x00000000e0000000, 0x00000000ffb80000, 0x0000000100000000)
  eden space 316928K, 18% used [0x00000000e0000000,0x00000000e38a32c8,0x00000000f3580000)
  from space 8192K, 93% used [0x00000000f3580000,0x00000000f3d006d0,0x00000000f3d80000)
  to   space 101376K, 0% used [0x00000000f9880000,0x00000000f9880000,0x00000000ffb80000)
 ParOldGen       total 508928K, used 353579K [0x00000000a0000000, 0x00000000bf100000, 0x00000000e0000000)
  object space 508928K, 69% used [0x00000000a0000000,0x00000000b594aed8,0x00000000bf100000)
 Metaspace       used 90999K, capacity 95939K, committed 95960K, reserved 1132544K
  class space    used 12053K, capacity 13041K, committed 13056K, reserved 1048576K
GC Heap History (10 events):
Event: 55.401 GC heap before
{Heap before GC invocations=20 (full 3):
 PSYoungGen      total 425984K, used 425960K [0x00000000e0000000, 0x0000000100000000, 0x0000000100000000)
  eden space 359424K, 100% used [0x00000000e0000000,0x00000000f5f00000,0x00000000f5f00000)
  from space 66560K, 99% used [0x00000000fbf00000,0x00000000ffffa3c8,0x0000000100000000)
  to   space 82432K, 0% used [0x00000000f5f00000,0x00000000f5f00000,0x00000000faf80000)
 ParOldGen       total 508928K, used 195930K [0x00000000a0000000, 0x00000000bf100000, 0x00000000e0000000)
  object space 508928K, 38% used [0x00000000a0000000,0x00000000abf56ad8,0x00000000bf100000)
 Metaspace       used 90841K, capacity 95743K, committed 95960K, reserved 1132544K
  class space    used 12053K, capacity 13041K, committed 13056K, reserved 1048576K
Event: 55.416 GC heap after
Heap after GC invocations=20 (full 3):
 PSYoungGen      total 439808K, used 79933K [0x00000000e0000000, 0x0000000100000000, 0x0000000100000000)
  eden space 359424K, 0% used [0x00000000e0000000,0x00000000e0000000,0x00000000f5f00000)
  from space 80384K, 99% used [0x00000000f5f00000,0x00000000fad0f648,0x00000000fad80000)
  to   space 84480K, 0% used [0x00000000fad80000,0x00000000fad80000,0x0000000100000000)
 ParOldGen       total 508928K, used 212579K [0x00000000a0000000, 0x00000000bf100000, 0x00000000e0000000)
  object space 508928K, 41% used [0x00000000a0000000,0x00000000acf98db8,0x00000000bf100000)
 Metaspace       used 90841K, capacity 95743K, committed 95960K, reserved 1132544K
  class space    used 12053K, capacity 13041K, committed 13056K, reserved 1048576K
}
Event: 56.026 GC heap before
{Heap before GC invocations=21 (full 3):
 PSYoungGen      total 439808K, used 439357K [0x00000000e0000000, 0x0000000100000000, 0x0000000100000000)
  eden space 359424K, 100% used [0x00000000e0000000,0x00000000f5f00000,0x00000000f5f00000)
  from space 80384K, 99% used [0x00000000f5f00000,0x00000000fad0f648,0x00000000fad80000)
  to   space 84480K, 0% used [0x00000000fad80000,0x00000000fad80000,0x0000000100000000)
 ParOldGen       total 508928K, used 213074K [0x00000000a0000000, 0x00000000bf100000, 0x00000000e0000000)
  object space 508928K, 41% used [0x00000000a0000000,0x00000000ad014b78,0x00000000bf100000)
 Metaspace       used 90870K, capacity 95743K, committed 95960K, reserved 1132544K
  class space    used 12053K, capacity 13041K, committed 13056K, reserved 1048576K
Event: 56.048 GC heap after
Heap after GC invocations=21 (full 3):
 PSYoungGen      total 401920K, used 80832K [0x00000000e0000000, 0x0000000100000000, 0x0000000100000000)
  eden space 317440K, 0% used [0x00000000e0000000,0x00000000e0000000,0x00000000f3600000)
  from space 84480K, 95% used [0x00000000fad80000,0x00000000ffc70320,0x0000000100000000)
  to   space 103424K, 0% used [0x00000000f3600000,0x00000000f3600000,0x00000000f9b00000)
 ParOldGen       total 508928K, used 262026K [0x00000000a0000000, 0x00000000bf100000, 0x00000000e0000000)
  object space 508928K, 51% used [0x00000000a0000000,0x00000000affe2bb8,0x00000000bf100000)
 Metaspace       used 90870K, capacity 95743K, committed 95960K, reserved 1132544K
  class space    used 12053K, capacity 13041K, committed 13056K, reserved 1048576K
}
Event: 56.375 GC heap before
{Heap before GC invocations=22 (full 3):
 PSYoungGen      total 401920K, used 398272K [0x00000000e0000000, 0x0000000100000000, 0x0000000100000000)
  eden space 317440K, 100% used [0x00000000e0000000,0x00000000f3600000,0x00000000f3600000)
  from space 84480K, 95% used [0x00000000fad80000,0x00000000ffc70320,0x0000000100000000)
  to   space 103424K, 0% used [0x00000000f3600000,0x00000000f3600000,0x00000000f9b00000)
 ParOldGen       total 508928K, used 262537K [0x00000000a0000000, 0x00000000bf100000, 0x00000000e0000000)
  object space 508928K, 51% used [0x00000000a0000000,0x00000000b00627a8,0x00000000bf100000)
 Metaspace       used 90876K, capacity 95747K, committed 95960K, reserved 1132544K
  class space    used 12053K, capacity 13041K, committed 13056K, reserved 1048576K
Event: 56.409 GC heap after
Heap after GC invocations=22 (full 3):
 PSYoungGen      total 322048K, used 4162K [0x00000000e0000000, 0x0000000100000000, 0x0000000100000000)
  eden space 317440K, 0% used [0x00000000e0000000,0x00000000e0000000,0x00000000f3600000)
  from space 4608K, 90% used [0x00000000f3600000,0x00000000f3a10930,0x00000000f3a80000)
  to   space 104448K, 0% used [0x00000000f9a00000,0x00000000f9a00000,0x0000000100000000)
 ParOldGen       total 508928K, used 341530K [0x00000000a0000000, 0x00000000bf100000, 0x00000000e0000000)
  object space 508928K, 67% used [0x00000000a0000000,0x00000000b4d86950,0x00000000bf100000)
 Metaspace       used 90876K, capacity 95747K, committed 95960K, reserved 1132544K
  class space    used 12053K, capacity 13041K, committed 13056K, reserved 1048576K
}
Event: 57.315 GC heap before
{Heap before GC invocations=23 (full 3):
 PSYoungGen      total 322048K, used 321602K [0x00000000e0000000, 0x0000000100000000, 0x0000000100000000)
  eden space 317440K, 100% used [0x00000000e0000000,0x00000000f3600000,0x00000000f3600000)
  from space 4608K, 90% used [0x00000000f3600000,0x00000000f3a10930,0x00000000f3a80000)
  to   space 104448K, 0% used [0x00000000f9a00000,0x00000000f9a00000,0x0000000100000000)
 ParOldGen       total 508928K, used 341748K [0x00000000a0000000, 0x00000000bf100000, 0x00000000e0000000)
  object space 508928K, 67% used [0x00000000a0000000,0x00000000b4dbd3c0,0x00000000bf100000)
 Metaspace       used 90880K, capacity 95747K, committed 95960K, reserved 1132544K
  class space    used 12053K, capacity 13041K, committed 13056K, reserved 1048576K
Event: 57.321 GC heap after
Heap after GC invocations=23 (full 3):
 PSYoungGen      total 421376K, used 14016K [0x00000000e0000000, 0x0000000100000000, 0x0000000100000000)
  eden space 316928K, 0% used [0x00000000e0000000,0x00000000e0000000,0x00000000f3580000)
  from space 104448K, 13% used [0x00000000f9a00000,0x00000000fa7b03d0,0x0000000100000000)
  to   space 102912K, 0% used [0x00000000f3580000,0x00000000f3580000,0x00000000f9a00000)
 ParOldGen       total 508928K, used 345731K [0x00000000a0000000, 0x00000000bf100000, 0x00000000e0000000)
  object space 508928K, 67% used [0x00000000a0000000,0x00000000b51a0f58,0x00000000bf100000)
 Metaspace       used 90880K, capacity 95747K, committed 95960K, reserved 1132544K
  class space    used 12053K, capacity 13041K, committed 13056K, reserved 1048576K
}
Event: 57.610 GC heap before
{Heap before GC invocations=24 (full 3):
 PSYoungGen      total 421376K, used 330944K [0x00000000e0000000, 0x0000000100000000, 0x0000000100000000)
  eden space 316928K, 100% used [0x00000000e0000000,0x00000000f3580000,0x00000000f3580000)
  from space 104448K, 13% used [0x00000000f9a00000,0x00000000fa7b03d0,0x0000000100000000)
  to   space 102912K, 0% used [0x00000000f3580000,0x00000000f3580000,0x00000000f9a00000)
 ParOldGen       total 508928K, used 345733K [0x00000000a0000000, 0x00000000bf100000, 0x00000000e0000000)
  object space 508928K, 67% used [0x00000000a0000000,0x00000000b51a1530,0x00000000bf100000)
 Metaspace       used 90945K, capacity 95811K, committed 95960K, reserved 1132544K
  class space    used 12053K, capacity 13041K, committed 13056K, reserved 1048576K
Event: 57.616 GC heap after
Heap after GC invocations=24 (full 3):
 PSYoungGen      total 325120K, used 7681K [0x00000000e0000000, 0x00000000ffb80000, 0x0000000100000000)
  eden space 316928K, 0% used [0x00000000e0000000,0x00000000e0000000,0x00000000f3580000)
  from space 8192K, 93% used [0x00000000f3580000,0x00000000f3d006d0,0x00000000f3d80000)
  to   space 101376K, 0% used [0x00000000f9880000,0x00000000f9880000,0x00000000ffb80000)
 ParOldGen       total 508928K, used 353579K [0x00000000a0000000, 0x00000000bf100000, 0x00000000e0000000)
  object space 508928K, 69% used [0x00000000a0000000,0x00000000b594aed8,0x00000000bf100000)
 Metaspace       used 90945K, capacity 95811K, committed 95960K, reserved 1132544K
  class space    used 12053K, capacity 13041K, committed 13056K, reserved 1048576K
}

